  Building Custom Rule E:/Desktop/darknet-master/CMakeLists.txt
  Compiling CUDA source file src\activation_kernels.cu...
  
  E:\Desktop\darknet-master>"C:\Program Files\NVIDIA GPU Computing Toolkit\CUDA\v11.2\bin\nvcc.exe" -gencode=arch=compute_75,code=\"compute_75,compute_75\" -gencode=arch=compute_75,code=\"sm_75,compute_75\" --use-local-env -ccbin "C:\Program Files (x86)\Microsoft Visual Studio\2019\Community\VC\Tools\MSVC\14.29.30133\bin\HostX64\x64" -x cu   -I"E:\Desktop\darknet-master\include" -I"E:\Desktop\darknet-master\src" -I"E:\Desktop\darknet-master\3rdparty\stb\include" -I"C:\Program Files\NVIDIA GPU Computing Toolkit\CUDA\v11.2\include" -IC:\opencv\build\include -I"E:\Desktop\darknet-master\3rdparty\pthreads\include" -I"C:\Program Files\NVIDIA GPU Computing Toolkit\CUDA\v11.2\include"     --keep-dir x64\Release  -maxrregcount=0  --machine 64 --compile -cudart shared -Wno-deprecated-declarations -Xcompiler="/wd4013,/wd4018,/wd4028,/wd4047,/wd4068,/wd4090,/wd4101,/wd4113,/wd4133,/wd4190,/wd4244,/wd4267,/wd4305,/wd4477,/wd4996,/wd4819,/fp:fast,/DGPU,/DCUDNN,/DOPENCV /EHsc -Ob2"   -D_WINDOWS -DNDEBUG -DUSE_CMAKE_LIBS -DCUDNN -DCUDNN_HALF -DOPENCV -D_CRT_RAND_S -DNOMINMAX -D_USE_MATH_DEFINES -DGPU -D_TIMESPEC_DEFINED -D"CMAKE_INTDIR=\"Release\"" -D_MBCS -DWIN32 -D_WINDOWS -DNDEBUG -DUSE_CMAKE_LIBS -DCUDNN -DCUDNN_HALF -DOPENCV -D_CRT_RAND_S -DNOMINMAX -D_USE_MATH_DEFINES -DGPU -D_TIMESPEC_DEFINED -D"CMAKE_INTDIR=\"Release\"" -Xcompiler "/EHsc /W1 /nologo /O2 /Fddarknet.dir\Release\vc142.pdb /FS   /MD /GR" -o darknet.dir\Release\activation_kernels.obj "E:\Desktop\darknet-master\src\activation_kernels.cu" 
E:/Desktop/darknet-master/src/activation_kernels.cu(263): warning : variable "MISH_THRESHOLD" was declared but never referenced
  
  Compiling CUDA source file src\avgpool_layer_kernels.cu...
  
  E:\Desktop\darknet-master>"C:\Program Files\NVIDIA GPU Computing Toolkit\CUDA\v11.2\bin\nvcc.exe" -gencode=arch=compute_75,code=\"compute_75,compute_75\" -gencode=arch=compute_75,code=\"sm_75,compute_75\" --use-local-env -ccbin "C:\Program Files (x86)\Microsoft Visual Studio\2019\Community\VC\Tools\MSVC\14.29.30133\bin\HostX64\x64" -x cu   -I"E:\Desktop\darknet-master\include" -I"E:\Desktop\darknet-master\src" -I"E:\Desktop\darknet-master\3rdparty\stb\include" -I"C:\Program Files\NVIDIA GPU Computing Toolkit\CUDA\v11.2\include" -IC:\opencv\build\include -I"E:\Desktop\darknet-master\3rdparty\pthreads\include" -I"C:\Program Files\NVIDIA GPU Computing Toolkit\CUDA\v11.2\include"     --keep-dir x64\Release  -maxrregcount=0  --machine 64 --compile -cudart shared -Wno-deprecated-declarations -Xcompiler="/wd4013,/wd4018,/wd4028,/wd4047,/wd4068,/wd4090,/wd4101,/wd4113,/wd4133,/wd4190,/wd4244,/wd4267,/wd4305,/wd4477,/wd4996,/wd4819,/fp:fast,/DGPU,/DCUDNN,/DOPENCV /EHsc -Ob2"   -D_WINDOWS -DNDEBUG -DUSE_CMAKE_LIBS -DCUDNN -DCUDNN_HALF -DOPENCV -D_CRT_RAND_S -DNOMINMAX -D_USE_MATH_DEFINES -DGPU -D_TIMESPEC_DEFINED -D"CMAKE_INTDIR=\"Release\"" -D_MBCS -DWIN32 -D_WINDOWS -DNDEBUG -DUSE_CMAKE_LIBS -DCUDNN -DCUDNN_HALF -DOPENCV -D_CRT_RAND_S -DNOMINMAX -D_USE_MATH_DEFINES -DGPU -D_TIMESPEC_DEFINED -D"CMAKE_INTDIR=\"Release\"" -Xcompiler "/EHsc /W1 /nologo /O2 /Fddarknet.dir\Release\vc142.pdb /FS   /MD /GR" -o darknet.dir\Release\avgpool_layer_kernels.obj "E:\Desktop\darknet-master\src\avgpool_layer_kernels.cu" 
  Compiling CUDA source file src\blas_kernels.cu...
  
  E:\Desktop\darknet-master>"C:\Program Files\NVIDIA GPU Computing Toolkit\CUDA\v11.2\bin\nvcc.exe" -gencode=arch=compute_75,code=\"compute_75,compute_75\" -gencode=arch=compute_75,code=\"sm_75,compute_75\" --use-local-env -ccbin "C:\Program Files (x86)\Microsoft Visual Studio\2019\Community\VC\Tools\MSVC\14.29.30133\bin\HostX64\x64" -x cu   -I"E:\Desktop\darknet-master\include" -I"E:\Desktop\darknet-master\src" -I"E:\Desktop\darknet-master\3rdparty\stb\include" -I"C:\Program Files\NVIDIA GPU Computing Toolkit\CUDA\v11.2\include" -IC:\opencv\build\include -I"E:\Desktop\darknet-master\3rdparty\pthreads\include" -I"C:\Program Files\NVIDIA GPU Computing Toolkit\CUDA\v11.2\include"     --keep-dir x64\Release  -maxrregcount=0  --machine 64 --compile -cudart shared -Wno-deprecated-declarations -Xcompiler="/wd4013,/wd4018,/wd4028,/wd4047,/wd4068,/wd4090,/wd4101,/wd4113,/wd4133,/wd4190,/wd4244,/wd4267,/wd4305,/wd4477,/wd4996,/wd4819,/fp:fast,/DGPU,/DCUDNN,/DOPENCV /EHsc -Ob2"   -D_WINDOWS -DNDEBUG -DUSE_CMAKE_LIBS -DCUDNN -DCUDNN_HALF -DOPENCV -D_CRT_RAND_S -DNOMINMAX -D_USE_MATH_DEFINES -DGPU -D_TIMESPEC_DEFINED -D"CMAKE_INTDIR=\"Release\"" -D_MBCS -DWIN32 -D_WINDOWS -DNDEBUG -DUSE_CMAKE_LIBS -DCUDNN -DCUDNN_HALF -DOPENCV -D_CRT_RAND_S -DNOMINMAX -D_USE_MATH_DEFINES -DGPU -D_TIMESPEC_DEFINED -D"CMAKE_INTDIR=\"Release\"" -Xcompiler "/EHsc /W1 /nologo /O2 /Fddarknet.dir\Release\vc142.pdb /FS   /MD /GR" -o darknet.dir\Release\blas_kernels.obj "E:\Desktop\darknet-master\src\blas_kernels.cu" 
  activation_kernels.cu
  Compiling CUDA source file src\col2im_kernels.cu...
  Compiling CUDA source file src\convolutional_kernels.cu...
  Compiling CUDA source file src\crop_layer_kernels.cu...
  Compiling CUDA source file src\deconvolutional_kernels.cu...
  Compiling CUDA source file src\im2col_kernels.cu...
  Compiling CUDA source file src\dropout_layer_kernels.cu...
  
  E:\Desktop\darknet-master>"C:\Program Files\NVIDIA GPU Computing Toolkit\CUDA\v11.2\bin\nvcc.exe" -gencode=arch=compute_75,code=\"compute_75,compute_75\" -gencode=arch=compute_75,code=\"sm_75,compute_75\" --use-local-env -ccbin "C:\Program Files (x86)\Microsoft Visual Studio\2019\Community\VC\Tools\MSVC\14.29.30133\bin\HostX64\x64" -x cu   -I"E:\Desktop\darknet-master\include" -I"E:\Desktop\darknet-master\src" -I"E:\Desktop\darknet-master\3rdparty\stb\include" -I"C:\Program Files\NVIDIA GPU Computing Toolkit\CUDA\v11.2\include" -IC:\opencv\build\include -I"E:\Desktop\darknet-master\3rdparty\pthreads\include" -I"C:\Program Files\NVIDIA GPU Computing Toolkit\CUDA\v11.2\include"     --keep-dir x64\Release  -maxrregcount=0  --machine 64 --compile -cudart shared -Wno-deprecated-declarations -Xcompiler="/wd4013,/wd4018,/wd4028,/wd4047,/wd4068,/wd4090,/wd4101,/wd4113,/wd4133,/wd4190,/wd4244,/wd4267,/wd4305,/wd4477,/wd4996,/wd4819,/fp:fast,/DGPU,/DCUDNN,/DOPENCV /EHsc -Ob2"   -D_WINDOWS -DNDEBUG -DUSE_CMAKE_LIBS -DCUDNN -DCUDNN_HALF -DOPENCV -D_CRT_RAND_S -DNOMINMAX -D_USE_MATH_DEFINES -DGPU -D_TIMESPEC_DEFINED -D"CMAKE_INTDIR=\"Release\"" -D_MBCS -DWIN32 -D_WINDOWS -DNDEBUG -DUSE_CMAKE_LIBS -DCUDNN -DCUDNN_HALF -DOPENCV -D_CRT_RAND_S -DNOMINMAX -D_USE_MATH_DEFINES -DGPU -D_TIMESPEC_DEFINED -D"CMAKE_INTDIR=\"Release\"" -Xcompiler "/EHsc /W1 /nologo /O2 /Fddarknet.dir\Release\vc142.pdb /FS   /MD /GR" -o darknet.dir\Release\col2im_kernels.obj "E:\Desktop\darknet-master\src\col2im_kernels.cu" 
  
  E:\Desktop\darknet-master>"C:\Program Files\NVIDIA GPU Computing Toolkit\CUDA\v11.2\bin\nvcc.exe" -gencode=arch=compute_75,code=\"compute_75,compute_75\" -gencode=arch=compute_75,code=\"sm_75,compute_75\" --use-local-env -ccbin "C:\Program Files (x86)\Microsoft Visual Studio\2019\Community\VC\Tools\MSVC\14.29.30133\bin\HostX64\x64" -x cu   -I"E:\Desktop\darknet-master\include" -I"E:\Desktop\darknet-master\src" -I"E:\Desktop\darknet-master\3rdparty\stb\include" -I"C:\Program Files\NVIDIA GPU Computing Toolkit\CUDA\v11.2\include" -IC:\opencv\build\include -I"E:\Desktop\darknet-master\3rdparty\pthreads\include" -I"C:\Program Files\NVIDIA GPU Computing Toolkit\CUDA\v11.2\include"     --keep-dir x64\Release  -maxrregcount=0  --machine 64 --compile -cudart shared -Wno-deprecated-declarations -Xcompiler="/wd4013,/wd4018,/wd4028,/wd4047,/wd4068,/wd4090,/wd4101,/wd4113,/wd4133,/wd4190,/wd4244,/wd4267,/wd4305,/wd4477,/wd4996,/wd4819,/fp:fast,/DGPU,/DCUDNN,/DOPENCV /EHsc -Ob2"   -D_WINDOWS -DNDEBUG -DUSE_CMAKE_LIBS -DCUDNN -DCUDNN_HALF -DOPENCV -D_CRT_RAND_S -DNOMINMAX -D_USE_MATH_DEFINES -DGPU -D_TIMESPEC_DEFINED -D"CMAKE_INTDIR=\"Release\"" -D_MBCS -DWIN32 -D_WINDOWS -DNDEBUG -DUSE_CMAKE_LIBS -DCUDNN -DCUDNN_HALF -DOPENCV -D_CRT_RAND_S -DNOMINMAX -D_USE_MATH_DEFINES -DGPU -D_TIMESPEC_DEFINED -D"CMAKE_INTDIR=\"Release\"" -Xcompiler "/EHsc /W1 /nologo /O2 /Fddarknet.dir\Release\vc142.pdb /FS   /MD /GR" -o darknet.dir\Release\convolutional_kernels.obj "E:\Desktop\darknet-master\src\convolutional_kernels.cu" 
  Compiling CUDA source file src\maxpool_layer_kernels.cu...
  Compiling CUDA source file src\network_kernels.cu...
E:/Desktop/darknet-master/src/blas_kernels.cu(1086): warning : variable "out_index" was declared but never referenced
  
E:/Desktop/darknet-master/src/blas_kernels.cu(1130): warning : variable "step" was set but never used
  
E:/Desktop/darknet-master/src/blas_kernels.cu(1736): warning : variable "stage_id" was declared but never referenced
  
  
  E:\Desktop\darknet-master>"C:\Program Files\NVIDIA GPU Computing Toolkit\CUDA\v11.2\bin\nvcc.exe" -gencode=arch=compute_75,code=\"compute_75,compute_75\" -gencode=arch=compute_75,code=\"sm_75,compute_75\" --use-local-env -ccbin "C:\Program Files (x86)\Microsoft Visual Studio\2019\Community\VC\Tools\MSVC\14.29.30133\bin\HostX64\x64" -x cu   -I"E:\Desktop\darknet-master\include" -I"E:\Desktop\darknet-master\src" -I"E:\Desktop\darknet-master\3rdparty\stb\include" -I"C:\Program Files\NVIDIA GPU Computing Toolkit\CUDA\v11.2\include" -IC:\opencv\build\include -I"E:\Desktop\darknet-master\3rdparty\pthreads\include" -I"C:\Program Files\NVIDIA GPU Computing Toolkit\CUDA\v11.2\include"     --keep-dir x64\Release  -maxrregcount=0  --machine 64 --compile -cudart shared -Wno-deprecated-declarations -Xcompiler="/wd4013,/wd4018,/wd4028,/wd4047,/wd4068,/wd4090,/wd4101,/wd4113,/wd4133,/wd4190,/wd4244,/wd4267,/wd4305,/wd4477,/wd4996,/wd4819,/fp:fast,/DGPU,/DCUDNN,/DOPENCV /EHsc -Ob2"   -D_WINDOWS -DNDEBUG -DUSE_CMAKE_LIBS -DCUDNN -DCUDNN_HALF -DOPENCV -D_CRT_RAND_S -DNOMINMAX -D_USE_MATH_DEFINES -DGPU -D_TIMESPEC_DEFINED -D"CMAKE_INTDIR=\"Release\"" -D_MBCS -DWIN32 -D_WINDOWS -DNDEBUG -DUSE_CMAKE_LIBS -DCUDNN -DCUDNN_HALF -DOPENCV -D_CRT_RAND_S -DNOMINMAX -D_USE_MATH_DEFINES -DGPU -D_TIMESPEC_DEFINED -D"CMAKE_INTDIR=\"Release\"" -Xcompiler "/EHsc /W1 /nologo /O2 /Fddarknet.dir\Release\vc142.pdb /FS   /MD /GR" -o darknet.dir\Release\crop_layer_kernels.obj "E:\Desktop\darknet-master\src\crop_layer_kernels.cu" 
  
  E:\Desktop\darknet-master>"C:\Program Files\NVIDIA GPU Computing Toolkit\CUDA\v11.2\bin\nvcc.exe" -gencode=arch=compute_75,code=\"compute_75,compute_75\" -gencode=arch=compute_75,code=\"sm_75,compute_75\" --use-local-env -ccbin "C:\Program Files (x86)\Microsoft Visual Studio\2019\Community\VC\Tools\MSVC\14.29.30133\bin\HostX64\x64" -x cu   -I"E:\Desktop\darknet-master\include" -I"E:\Desktop\darknet-master\src" -I"E:\Desktop\darknet-master\3rdparty\stb\include" -I"C:\Program Files\NVIDIA GPU Computing Toolkit\CUDA\v11.2\include" -IC:\opencv\build\include -I"E:\Desktop\darknet-master\3rdparty\pthreads\include" -I"C:\Program Files\NVIDIA GPU Computing Toolkit\CUDA\v11.2\include"     --keep-dir x64\Release  -maxrregcount=0  --machine 64 --compile -cudart shared -Wno-deprecated-declarations -Xcompiler="/wd4013,/wd4018,/wd4028,/wd4047,/wd4068,/wd4090,/wd4101,/wd4113,/wd4133,/wd4190,/wd4244,/wd4267,/wd4305,/wd4477,/wd4996,/wd4819,/fp:fast,/DGPU,/DCUDNN,/DOPENCV /EHsc -Ob2"   -D_WINDOWS -DNDEBUG -DUSE_CMAKE_LIBS -DCUDNN -DCUDNN_HALF -DOPENCV -D_CRT_RAND_S -DNOMINMAX -D_USE_MATH_DEFINES -DGPU -D_TIMESPEC_DEFINED -D"CMAKE_INTDIR=\"Release\"" -D_MBCS -DWIN32 -D_WINDOWS -DNDEBUG -DUSE_CMAKE_LIBS -DCUDNN -DCUDNN_HALF -DOPENCV -D_CRT_RAND_S -DNOMINMAX -D_USE_MATH_DEFINES -DGPU -D_TIMESPEC_DEFINED -D"CMAKE_INTDIR=\"Release\"" -Xcompiler "/EHsc /W1 /nologo /O2 /Fddarknet.dir\Release\vc142.pdb /FS   /MD /GR" -o darknet.dir\Release\deconvolutional_kernels.obj "E:\Desktop\darknet-master\src\deconvolutional_kernels.cu" 
  
  E:\Desktop\darknet-master>"C:\Program Files\NVIDIA GPU Computing Toolkit\CUDA\v11.2\bin\nvcc.exe" -gencode=arch=compute_75,code=\"compute_75,compute_75\" -gencode=arch=compute_75,code=\"sm_75,compute_75\" --use-local-env -ccbin "C:\Program Files (x86)\Microsoft Visual Studio\2019\Community\VC\Tools\MSVC\14.29.30133\bin\HostX64\x64" -x cu   -I"E:\Desktop\darknet-master\include" -I"E:\Desktop\darknet-master\src" -I"E:\Desktop\darknet-master\3rdparty\stb\include" -I"C:\Program Files\NVIDIA GPU Computing Toolkit\CUDA\v11.2\include" -IC:\opencv\build\include -I"E:\Desktop\darknet-master\3rdparty\pthreads\include" -I"C:\Program Files\NVIDIA GPU Computing Toolkit\CUDA\v11.2\include"     --keep-dir x64\Release  -maxrregcount=0  --machine 64 --compile -cudart shared -Wno-deprecated-declarations -Xcompiler="/wd4013,/wd4018,/wd4028,/wd4047,/wd4068,/wd4090,/wd4101,/wd4113,/wd4133,/wd4190,/wd4244,/wd4267,/wd4305,/wd4477,/wd4996,/wd4819,/fp:fast,/DGPU,/DCUDNN,/DOPENCV /EHsc -Ob2"   -D_WINDOWS -DNDEBUG -DUSE_CMAKE_LIBS -DCUDNN -DCUDNN_HALF -DOPENCV -D_CRT_RAND_S -DNOMINMAX -D_USE_MATH_DEFINES -DGPU -D_TIMESPEC_DEFINED -D"CMAKE_INTDIR=\"Release\"" -D_MBCS -DWIN32 -D_WINDOWS -DNDEBUG -DUSE_CMAKE_LIBS -DCUDNN -DCUDNN_HALF -DOPENCV -D_CRT_RAND_S -DNOMINMAX -D_USE_MATH_DEFINES -DGPU -D_TIMESPEC_DEFINED -D"CMAKE_INTDIR=\"Release\"" -Xcompiler "/EHsc /W1 /nologo /O2 /Fddarknet.dir\Release\vc142.pdb /FS   /MD /GR" -o darknet.dir\Release\im2col_kernels.obj "E:\Desktop\darknet-master\src\im2col_kernels.cu" 
  
  E:\Desktop\darknet-master>"C:\Program Files\NVIDIA GPU Computing Toolkit\CUDA\v11.2\bin\nvcc.exe" -gencode=arch=compute_75,code=\"compute_75,compute_75\" -gencode=arch=compute_75,code=\"sm_75,compute_75\" --use-local-env -ccbin "C:\Program Files (x86)\Microsoft Visual Studio\2019\Community\VC\Tools\MSVC\14.29.30133\bin\HostX64\x64" -x cu   -I"E:\Desktop\darknet-master\include" -I"E:\Desktop\darknet-master\src" -I"E:\Desktop\darknet-master\3rdparty\stb\include" -I"C:\Program Files\NVIDIA GPU Computing Toolkit\CUDA\v11.2\include" -IC:\opencv\build\include -I"E:\Desktop\darknet-master\3rdparty\pthreads\include" -I"C:\Program Files\NVIDIA GPU Computing Toolkit\CUDA\v11.2\include"     --keep-dir x64\Release  -maxrregcount=0  --machine 64 --compile -cudart shared -Wno-deprecated-declarations -Xcompiler="/wd4013,/wd4018,/wd4028,/wd4047,/wd4068,/wd4090,/wd4101,/wd4113,/wd4133,/wd4190,/wd4244,/wd4267,/wd4305,/wd4477,/wd4996,/wd4819,/fp:fast,/DGPU,/DCUDNN,/DOPENCV /EHsc -Ob2"   -D_WINDOWS -DNDEBUG -DUSE_CMAKE_LIBS -DCUDNN -DCUDNN_HALF -DOPENCV -D_CRT_RAND_S -DNOMINMAX -D_USE_MATH_DEFINES -DGPU -D_TIMESPEC_DEFINED -D"CMAKE_INTDIR=\"Release\"" -D_MBCS -DWIN32 -D_WINDOWS -DNDEBUG -DUSE_CMAKE_LIBS -DCUDNN -DCUDNN_HALF -DOPENCV -D_CRT_RAND_S -DNOMINMAX -D_USE_MATH_DEFINES -DGPU -D_TIMESPEC_DEFINED -D"CMAKE_INTDIR=\"Release\"" -Xcompiler "/EHsc /W1 /nologo /O2 /Fddarknet.dir\Release\vc142.pdb /FS   /MD /GR" -o darknet.dir\Release\dropout_layer_kernels.obj "E:\Desktop\darknet-master\src\dropout_layer_kernels.cu" 
  
  E:\Desktop\darknet-master>"C:\Program Files\NVIDIA GPU Computing Toolkit\CUDA\v11.2\bin\nvcc.exe" -gencode=arch=compute_75,code=\"compute_75,compute_75\" -gencode=arch=compute_75,code=\"sm_75,compute_75\" --use-local-env -ccbin "C:\Program Files (x86)\Microsoft Visual Studio\2019\Community\VC\Tools\MSVC\14.29.30133\bin\HostX64\x64" -x cu   -I"E:\Desktop\darknet-master\include" -I"E:\Desktop\darknet-master\src" -I"E:\Desktop\darknet-master\3rdparty\stb\include" -I"C:\Program Files\NVIDIA GPU Computing Toolkit\CUDA\v11.2\include" -IC:\opencv\build\include -I"E:\Desktop\darknet-master\3rdparty\pthreads\include" -I"C:\Program Files\NVIDIA GPU Computing Toolkit\CUDA\v11.2\include"     --keep-dir x64\Release  -maxrregcount=0  --machine 64 --compile -cudart shared -Wno-deprecated-declarations -Xcompiler="/wd4013,/wd4018,/wd4028,/wd4047,/wd4068,/wd4090,/wd4101,/wd4113,/wd4133,/wd4190,/wd4244,/wd4267,/wd4305,/wd4477,/wd4996,/wd4819,/fp:fast,/DGPU,/DCUDNN,/DOPENCV /EHsc -Ob2"   -D_WINDOWS -DNDEBUG -DUSE_CMAKE_LIBS -DCUDNN -DCUDNN_HALF -DOPENCV -D_CRT_RAND_S -DNOMINMAX -D_USE_MATH_DEFINES -DGPU -D_TIMESPEC_DEFINED -D"CMAKE_INTDIR=\"Release\"" -D_MBCS -DWIN32 -D_WINDOWS -DNDEBUG -DUSE_CMAKE_LIBS -DCUDNN -DCUDNN_HALF -DOPENCV -D_CRT_RAND_S -DNOMINMAX -D_USE_MATH_DEFINES -DGPU -D_TIMESPEC_DEFINED -D"CMAKE_INTDIR=\"Release\"" -Xcompiler "/EHsc /W1 /nologo /O2 /Fddarknet.dir\Release\vc142.pdb /FS   /MD /GR" -o darknet.dir\Release\maxpool_layer_kernels.obj "E:\Desktop\darknet-master\src\maxpool_layer_kernels.cu" 
  
  E:\Desktop\darknet-master>"C:\Program Files\NVIDIA GPU Computing Toolkit\CUDA\v11.2\bin\nvcc.exe" -gencode=arch=compute_75,code=\"compute_75,compute_75\" -gencode=arch=compute_75,code=\"sm_75,compute_75\" --use-local-env -ccbin "C:\Program Files (x86)\Microsoft Visual Studio\2019\Community\VC\Tools\MSVC\14.29.30133\bin\HostX64\x64" -x cu   -I"E:\Desktop\darknet-master\include" -I"E:\Desktop\darknet-master\src" -I"E:\Desktop\darknet-master\3rdparty\stb\include" -I"C:\Program Files\NVIDIA GPU Computing Toolkit\CUDA\v11.2\include" -IC:\opencv\build\include -I"E:\Desktop\darknet-master\3rdparty\pthreads\include" -I"C:\Program Files\NVIDIA GPU Computing Toolkit\CUDA\v11.2\include"     --keep-dir x64\Release  -maxrregcount=0  --machine 64 --compile -cudart shared -Wno-deprecated-declarations -Xcompiler="/wd4013,/wd4018,/wd4028,/wd4047,/wd4068,/wd4090,/wd4101,/wd4113,/wd4133,/wd4190,/wd4244,/wd4267,/wd4305,/wd4477,/wd4996,/wd4819,/fp:fast,/DGPU,/DCUDNN,/DOPENCV /EHsc -Ob2"   -D_WINDOWS -DNDEBUG -DUSE_CMAKE_LIBS -DCUDNN -DCUDNN_HALF -DOPENCV -D_CRT_RAND_S -DNOMINMAX -D_USE_MATH_DEFINES -DGPU -D_TIMESPEC_DEFINED -D"CMAKE_INTDIR=\"Release\"" -D_MBCS -DWIN32 -D_WINDOWS -DNDEBUG -DUSE_CMAKE_LIBS -DCUDNN -DCUDNN_HALF -DOPENCV -D_CRT_RAND_S -DNOMINMAX -D_USE_MATH_DEFINES -DGPU -D_TIMESPEC_DEFINED -D"CMAKE_INTDIR=\"Release\"" -Xcompiler "/EHsc /W1 /nologo /O2 /Fddarknet.dir\Release\vc142.pdb /FS   /MD /GR" -o darknet.dir\Release\network_kernels.obj "E:\Desktop\darknet-master\src\network_kernels.cu" 
  avgpool_layer_kernels.cu
E:/Desktop/darknet-master/src/im2col_kernels.cu(1389): warning : unrecognized #pragma in device code
  
E:/Desktop/darknet-master/src/network_kernels.cu(379): warning : variable "l" was declared but never referenced
  
  col2im_kernels.cu
  deconvolutional_kernels.cu
  convolutional_kernels.cu
  crop_layer_kernels.cu
  dropout_layer_kernels.cu
  network_kernels.cu
  maxpool_layer_kernels.cu
  blas_kernels.cu
  im2col_kernels.cu
  Microsoft (R) C/C++ Optimizing Compiler versione 19.29.30145 per x64
  Copyright (C) Microsoft Corporation. Tutti i diritti  sono riservati.
  cl /c /I"E:\Desktop\darknet-master\include" /I"E:\Desktop\darknet-master\src" /I"E:\Desktop\darknet-master\3rdparty\stb\include" /I"C:\Program Files\NVIDIA GPU Computing Toolkit\CUDA\v11.2\include" /IC:\opencv\build\include /I"E:\Desktop\darknet-master\3rdparty\pthreads\include" /I"C:\Program Files\NVIDIA GPU Computing Toolkit\CUDA\v11.2\include" /W1 /WX- /diagnostics:column /Ox /Ob2 /D _MBCS /D WIN32 /D _WINDOWS /D NDEBUG /D USE_CMAKE_LIBS /D CUDNN /D CUDNN_HALF /D OPENCV /D _CRT_RAND_S /D NOMINMAX /D _USE_MATH_DEFINES /D GPU /D _TIMESPEC_DEFINED /D "CMAKE_INTDIR=\"Release\"" /Gm- /EHsc /MD /GS /fp:fast /Zc:wchar_t /Zc:forScope /Zc:inline /GR /openmp /Fo"darknet.dir\Release\\" /Fd"darknet.dir\Release\vc142.pdb" /external:W1 /Gd /TC /wd4013 /wd4018 /wd4028 /wd4047 /wd4068 /wd4090 /wd4101 /wd4113 /wd4133 /wd4190 /wd4244 /wd4267 /wd4305 /wd4477 /wd4996 /wd4819 /errorReport:prompt "E:\Desktop\darknet-master\src\darknet.c" "E:\Desktop\darknet-master\src\activation_layer.c" "E:\Desktop\darknet-master\src\activations.c" "E:\Desktop\darknet-master\src\art.c" "E:\Desktop\darknet-master\src\avgpool_layer.c" "E:\Desktop\darknet-master\src\batchnorm_layer.c" "E:\Desktop\darknet-master\src\blas.c" "E:\Desktop\darknet-master\src\box.c" "E:\Desktop\darknet-master\src\captcha.c" "E:\Desktop\darknet-master\src\cifar.c" "E:\Desktop\darknet-master\src\classifier.c" "E:\Desktop\darknet-master\src\coco.c" "E:\Desktop\darknet-master\src\col2im.c" "E:\Desktop\darknet-master\src\compare.c" "E:\Desktop\darknet-master\src\connected_layer.c" "E:\Desktop\darknet-master\src\conv_lstm_layer.c" "E:\Desktop\darknet-master\src\convolutional_layer.c" "E:\Desktop\darknet-master\src\cost_layer.c" "E:\Desktop\darknet-master\src\cpu_gemm.c" "E:\Desktop\darknet-master\src\crnn_layer.c" "E:\Desktop\darknet-master\src\crop_layer.c" "E:\Desktop\darknet-master\src\dark_cuda.c" "E:\Desktop\darknet-master\src\data.c" "E:\Desktop\darknet-master\src\deconvolutional_layer.c" "E:\Desktop\darknet-master\src\demo.c" "E:\Desktop\darknet-master\src\detection_layer.c" "E:\Desktop\darknet-master\src\detector.c" "E:\Desktop\darknet-master\src\dice.c" "E:\Desktop\darknet-master\src\dropout_layer.c" "E:\Desktop\darknet-master\src\gaussian_yolo_layer.c" "E:\Desktop\darknet-master\src\gemm.c" "E:\Desktop\darknet-master\src\getopt.c" "E:\Desktop\darknet-master\src\gettimeofday.c" "E:\Desktop\darknet-master\src\go.c" "E:\Desktop\darknet-master\src\gru_layer.c" "E:\Desktop\darknet-master\src\im2col.c" "E:\Desktop\darknet-master\src\image.c" "E:\Desktop\darknet-master\src\layer.c" "E:\Desktop\darknet-master\src\list.c" "E:\Desktop\darknet-master\src\local_layer.c" "E:\Desktop\darknet-master\src\lstm_layer.c" "E:\Desktop\darknet-master\src\matrix.c" "E:\Desktop\darknet-master\src\maxpool_layer.c" "E:\Desktop\darknet-master\src\network.c" "E:\Desktop\darknet-master\src\nightmare.c" "E:\Desktop\darknet-master\src\normalization_layer.c" "E:\Desktop\darknet-master\src\option_list.c" "E:\Desktop\darknet-master\src\parser.c" "E:\Desktop\darknet-master\src\region_layer.c" "E:\Desktop\darknet-master\src\reorg_layer.c" "E:\Desktop\darknet-master\src\reorg_old_layer.c" "E:\Desktop\darknet-master\src\representation_layer.c" "E:\Desktop\darknet-master\src\rnn.c" "E:\Desktop\darknet-master\src\rnn_layer.c" "E:\Desktop\darknet-master\src\rnn_vid.c" "E:\Desktop\darknet-master\src\route_layer.c" "E:\Desktop\darknet-master\src\sam_layer.c" "E:\Desktop\darknet-master\src\scale_channels_layer.c" "E:\Desktop\darknet-master\src\shortcut_layer.c" "E:\Desktop\darknet-master\src\softmax_layer.c" "E:\Desktop\darknet-master\src\super.c" "E:\Desktop\darknet-master\src\swag.c" "E:\Desktop\darknet-master\src\tag.c" "E:\Desktop\darknet-master\src\tree.c" "E:\Desktop\darknet-master\src\upsample_layer.c" "E:\Desktop\darknet-master\src\utils.c" "E:\Desktop\darknet-master\src\voxel.c" "E:\Desktop\darknet-master\src\writing.c" "E:\Desktop\darknet-master\src\yolo.c" "E:\Desktop\darknet-master\src\yolo_layer.c"
  darknet.c
  activation_layer.c
  activations.c
  art.c
  avgpool_layer.c
  batchnorm_layer.c
  blas.c
  box.c
  captcha.c
  cifar.c
  classifier.c
  coco.c
  col2im.c
  compare.c
  connected_layer.c
  conv_lstm_layer.c
  convolutional_layer.c
  cost_layer.c
  cpu_gemm.c
  crnn_layer.c
  Generazione del codice in corso...
  Compilazione in corso...
  crop_layer.c
  dark_cuda.c
  data.c
  deconvolutional_layer.c
  demo.c
  detection_layer.c
  detector.c
  dice.c
  dropout_layer.c
  gaussian_yolo_layer.c
  gemm.c
  getopt.c
  gettimeofday.c
  go.c
  gru_layer.c
  im2col.c
  image.c
  layer.c
  list.c
  local_layer.c
  Generazione del codice in corso...
  Compilazione in corso...
  lstm_layer.c
  matrix.c
  maxpool_layer.c
  network.c
  nightmare.c
  normalization_layer.c
  option_list.c
  parser.c
  region_layer.c
  reorg_layer.c
  reorg_old_layer.c
  representation_layer.c
  rnn.c
  rnn_layer.c
  rnn_vid.c
  route_layer.c
  sam_layer.c
  scale_channels_layer.c
  shortcut_layer.c
  softmax_layer.c
  Generazione del codice in corso...
  Compilazione in corso...
  super.c
  swag.c
  tag.c
  tree.c
  upsample_layer.c
  utils.c
  voxel.c
  writing.c
  yolo.c
  yolo_layer.c
  Generazione del codice in corso...
  Microsoft (R) C/C++ Optimizing Compiler versione 19.29.30145 per x64
  Copyright (C) Microsoft Corporation. Tutti i diritti  sono riservati.
  cl /c /I"E:\Desktop\darknet-master\include" /I"E:\Desktop\darknet-master\src" /I"E:\Desktop\darknet-master\3rdparty\stb\include" /I"C:\Program Files\NVIDIA GPU Computing Toolkit\CUDA\v11.2\include" /IC:\opencv\build\include /I"E:\Desktop\darknet-master\3rdparty\pthreads\include" /I"C:\Program Files\NVIDIA GPU Computing Toolkit\CUDA\v11.2\include" /W1 /WX- /diagnostics:column /Ox /Ob2 /D _MBCS /D WIN32 /D _WINDOWS /D NDEBUG /D USE_CMAKE_LIBS /D CUDNN /D CUDNN_HALF /D OPENCV /D _CRT_RAND_S /D NOMINMAX /D _USE_MATH_DEFINES /D GPU /D _TIMESPEC_DEFINED /D "CMAKE_INTDIR=\"Release\"" /Gm- /EHsc /MD /GS /fp:fast /Zc:wchar_t /Zc:forScope /Zc:inline /GR /openmp /Fo"darknet.dir\Release\\" /Fd"darknet.dir\Release\vc142.pdb" /external:W1 /Gd /TP /wd4013 /wd4018 /wd4028 /wd4047 /wd4068 /wd4090 /wd4101 /wd4113 /wd4133 /wd4190 /wd4244 /wd4267 /wd4305 /wd4477 /wd4996 /wd4819 /errorReport:prompt "E:\Desktop\darknet-master\src\http_stream.cpp" "E:\Desktop\darknet-master\src\image_opencv.cpp"
  http_stream.cpp
  image_opencv.cpp
  Generazione del codice in corso...
  darknet.vcxproj -> E:\Desktop\darknet-master\Release\darknet.exe
